C51 COMPILER V8.02   ALIGN                                                                 02/23/2012 09:33:23 PAGE 1   


C51 COMPILER V8.02, COMPILATION OF MODULE ALIGN
OBJECT MODULE PLACED IN .\Output\Align.obj
COMPILER INVOKED BY: C:\Keil\C51\BIN\C51.EXE Common\Code\Align.c OPTIMIZE(9,SPEED) DEFINE(_PROJECT=_RTD2472D_DEMO_BOARD)
                    - PRINT(.\Output\Align.lst) OBJECT(.\Output\Align.obj)

line level    source

   1          /********************************************************************************/
   2          /*   The  Software  is  proprietary,  confidential,  and  valuable to Realtek   */
   3          /*   Semiconductor  Corporation  ("Realtek").  All  rights, including but not   */
   4          /*   limited  to  copyrights,  patents,  trademarks, trade secrets, mask work   */
   5          /*   rights, and other similar rights and interests, are reserved to Realtek.   */
   6          /*   Without  prior  written  consent  from  Realtek,  copying, reproduction,   */
   7          /*   modification,  distribution,  or  otherwise  is strictly prohibited. The   */
   8          /*   Software  shall  be  kept  strictly  in  confidence,  and  shall  not be   */
   9          /*   disclosed to or otherwise accessed by any third party.                     */
  10          /*   c<2003> - <2010>                                                           */
  11          /*   The Software is provided "AS IS" without any warranty of any kind,         */
  12          /*   express, implied, statutory or otherwise.                                  */
  13          /********************************************************************************/
  14          
  15          //----------------------------------------------------------------------------------------------------
  16          // ID Code      : Align.c No.0000
  17          // Update Note  :
  18          //
  19          //----------------------------------------------------------------------------------------------------
  20          
  21          #define __ALIGN__
  22          


MODULE INFORMATION:   STATIC OVERLAYABLE
   CODE SIZE        =   ----    ----
   CONSTANT SIZE    =   ----    ----
   XDATA SIZE       =   ----    ----
   PDATA SIZE       =   ----    ----
   DATA SIZE        =   ----    ----
   IDATA SIZE       =   ----    ----
   BIT SIZE         =   ----    ----
END OF MODULE INFORMATION.


C51 COMPILATION COMPLETE.  0 WARNING(S),  0 ERROR(S)
