C51 COMPILER V8.02   MCU                                                                   03/05/2012 13:24:14 PAGE 1   


C51 COMPILER V8.02, COMPILATION OF MODULE MCU
OBJECT MODULE PLACED IN .\Output\Mcu.obj
COMPILER INVOKED BY: C:\Keil\C51\BIN\C51.EXE Common\Code\Mcu.c OPTIMIZE(9,SPEED) DEFINE(_PROJECT=_RTD2472D_DEMO_BOARD) P
                    -RINT(.\Output\Mcu.lst) OBJECT(.\Output\Mcu.obj)

line level    source

   1          /********************************************************************************/
   2          /*   The  Software  is  proprietary,  confidential,  and  valuable to Realtek   */
   3          /*   Semiconductor  Corporation  ("Realtek").  All  rights, including but not   */
   4          /*   limited  to  copyrights,  patents,  trademarks, trade secrets, mask work   */
   5          /*   rights, and other similar rights and interests, are reserved to Realtek.   */
   6          /*   Without  prior  written  consent  from  Realtek,  copying, reproduction,   */
   7          /*   modification,  distribution,  or  otherwise  is strictly prohibited. The   */
   8          /*   Software  shall  be  kept  strictly  in  confidence,  and  shall  not be   */
   9          /*   disclosed to or otherwise accessed by any third party.                     */
  10          /*   c<2003> - <2010>                                                           */
  11          /*   The Software is provided "AS IS" without any warranty of any kind,         */
  12          /*   express, implied, statutory or otherwise.                                  */
  13          /********************************************************************************/
  14          
  15          //----------------------------------------------------------------------------------------------------
  16          // ID Code      : Mcu.c No.0000
  17          // Update Note  :
  18          //----------------------------------------------------------------------------------------------------
  19          
  20          #define __MCU__
  21          
  22          #include  "Common\Header\Include.h"
  23          
  24          #if(_MCU_TYPE == _REALTEK_EMBEDDED)
  25          
  26          //--------------------------------------------------
  27          // RTD Embeded MCU Initial
  28          //--------------------------------------------------
  29          void CMcuInitial(void)
  30          {
  31   1          IE = 0x00;                         // Disable all interrupts
  32   1          TMOD = 0x11;                         // Program Timer0 & Timer1 to Mode#1
  33   1          TR0 = 0;                            // Stop Timer0
  34   1          TF0 = 0;                            // Clear Timer0 Overflow Bit
  35   1          TL0 = _TIMER0_COUNT_LBYTE;          // Load Timer0 low-byte   (for 1ms)
  36   1          TH0 = _TIMER0_COUNT_HBYTE;          // Load Timer0 high-byte  (for 1ms)
  37   1          TR1 = 0;                            // Stop Timer1
  38   1          TF1 = 0;                            // Clear Timer1 Overflow Bit
  39   1          IE = 0x82;                         // Enable interrupts of Timer0
  40   1          IP |= 0x02;                        // Set Interrupt Priority (Timer0)
  41   1      
  42   1          CKCON = 0x00;
  43   1      
  44   1          // Enable Program OP Code
  45   1          MCU_PROG_OP_CODE_FF6D = 0x02;
  46   1      
  47   1          // V015 System Patch Note (7) Modify 20100630 Start
  48   1          // Patch Reason : New EEPROM emulation process.
  49   1      #if(_AUTO_DETECT_FLASH_TYPE == _ON)
                  CFlashCheckFlashType();  // FW Auto Detect Flash type
              #else
  52   1          g_ucFlashType = _FLASH_TYPE - 1;
  53   1      #endif
  54   1          // V015 System Patch Note (7) Modify 20100630 End
C51 COMPILER V8.02   MCU                                                                   03/05/2012 13:24:14 PAGE 2   

  55   1      
  56   1      #if(_SCALER_TYPE == _RTD2472D)
  57   1          MCU_REV_DUMMY2_FF19 = 0x60; // for S53 DVD player
  58   1      #endif
  59   1      
  60   1          MCU_COMM_INST_EN_FF60 = 0x42;
  61   1          MCU_COMM_OP_CODE_FF61 = 0x05;
  62   1          MCU_COMM_INST_EN_FF60 = 0x43;
  63   1          MCU_WREN_OP_CODE_FF62 = 0x06;
  64   1      
  65   1          pData[0] = MCU_COMM_INST_READ_P0_FF67;
  66   1      
  67   1          if(pData[0] != 0x9C)
  68   1          {
  69   2              // V015 System Patch Note (7) Modify 20100630 Start
  70   2              // Patch Reason : New EEPROM emulation process.
  71   2              /*
  72   2      #if(_PCB_TYPE == _RTD2472D_DEMO_PCB) // For 6048
  73   2              // This is a reference configuration for _RTD2472D_DEMO_PCB,
  74   2              // WP# connected with pin108
  75   2              CScalerSetByte(_TCON_ADDR_PORT_8B, 0xC3);
  76   2              CScalerSetByte(_TCON_DATA_PORT_8C, 0x02);
  77   2      
  78   2              MCU_PIN_SHARE_CTRL0B_FF9F = 0x01;
  79   2      
  80   2              HW_PROTECT_PIN_HIGH();
  81   2      #elif(_PCB_TYPE == _RTD2472RD_DEMO_PCB) // For 6049
  82   2              // This is a reference configuration for _RTD2472RD_DEMO_PCB,
  83   2              // WP# connected with pin108
  84   2              CScalerSetByte(_TCON_ADDR_PORT_8B, 0xC3);
  85   2              CScalerSetByte(_TCON_DATA_PORT_8C, 0x02);
  86   2      
  87   2              CScalerPageSelect(_PAGE10);
  88   2              CScalerSetBit(_P10_PIN_SHARE_CTRL0E_AE, ~(_BIT2 | _BIT1 | _BIT0), 0x01);
  89   2      
  90   2              HW_PROTECT_PIN_HIGH();
  91   2      #endif
  92   2      
  93   2              MCU_COMM_INST_EN_FF60 = 0x68;
  94   2              */
  95   2              CMiscConfigureFlashWPPinHigh();
  96   2      
  97   2              // Write 1 instruction after WREN
  98   2              if(GET_FLASH_TYPE_INDEX() == _FLASH_SST25LF020A)
  99   2              {
 100   3                  MCU_COMM_INST_EN_FF60 = 0x88;
 101   3              }
 102   2              else
 103   2              {
 104   3                  MCU_COMM_INST_EN_FF60 = 0x68;
 105   3              }
 106   2              // V015 System Patch Note (7) Modify 20100630 End
 107   2      
 108   2              MCU_COMM_OP_CODE_FF61 = 0x01;
 109   2      
 110   2              // V015 System Patch Note (7) Modify 20100630 Start
 111   2              // Patch Reason : New EEPROM emulation process.
 112   2              /*
 113   2              MCU_FLASH_PROG_ISP0_FF64 = 0x9C; //SRP, BP0 ~ BP2
 114   2      
 115   2              MCU_COMM_INST_EN_FF60 = 0x69;
 116   2              */
C51 COMPILER V8.02   MCU                                                                   03/05/2012 13:24:14 PAGE 3   

 117   2              // Protect all memory address
 118   2              MCU_FLASH_PROG_ISP0_FF64 = CFlashGetFlashDetailedInfo(g_ucFlashType, _FLASH_INFO_WRSR_PROTECT);
 119   2      
 120   2              // Write 1 instruction after WREN, common instruction enable
 121   2              MCU_COMM_INST_EN_FF60 = MCU_COMM_INST_EN_FF60 | _BIT0;
 122   2              // V015 System Patch Note (7) Modify 20100630 End
 123   2          }
 124   1      
 125   1          // Disable Program OP Code
 126   1          MCU_PROG_OP_CODE_FF6D = 0xFF;
 127   1      
 128   1          // Disable OP code
 129   1          MCU_COMM_OP_CODE_FF61 = 0xFF;
 130   1      
 131   1          CScalerPageSelect(_PAGE0);
 132   1          CScalerSetBit(_P0_POWER_ON_RESET_F3, ~(_BIT1 | _BIT0), (_BIT1 | _BIT0));
 133   1      
 134   1      // Set LVDS default current = 3.5mA , the IC default is 2.5mA.
 135   1      #if(_SCALER_TYPE == _RTD2472D)
 136   1          MCU_PIN_DRIV_CTRL11_FFA7 = 0x08;
 137   1      #elif((_SCALER_TYPE == _RTD247xRD) || (_SCALER_TYPE == _RTD248xRD))
                  CScalerPageSelect(_PAGE10);
                  CScalerSetByte(_P10_PIN_DRIVING_CTRL0_B4, 0x04);
              #elif(_SCALER_TYPE == _RTD2545LR)
                  CScalerPageSelect(_PAGEE);
                  CScalerSetByte(_PE_PIN_DRIVING_CTRL10_D8, 0x20);
              #else
                  No Setting !!
              #endif // End of #if(_SCALER_TYPE == _RTD2472D)
 146   1      
 147   1          MCU_ADC_DDC_CTRL1_FF1C = 0xF0;
 148   1      
 149   1      #if(_D0_INPUT_PORT_TYPE != _D0_DP_PORT)
 150   1          MCU_DVI_DDC_CTRL1_FF1F = 0xF0;
 151   1      #endif
 152   1      
 153   1      #if(_D1_INPUT_PORT_TYPE != _D1_DP_PORT)
 154   1          MCU_HDMI_DDC_CTRL1_FF2D = 0xF0;
 155   1      #endif
 156   1      
 157   1      
 158   1          MCU_DDCRAM_PART_FF21 = 0x16; // ddc1 128, ddc2 256, ddc3 256
 159   1      
 160   1          // cec setting
 161   1          MCU_CEC_CR0_FFAB = 0x5f;
 162   1      
 163   1          MCU_WATCHDOG_TIMER_FFEA |= 0x80;         //enable wdt, V009_20080822
 164   1          MCU_WATCHDOG_TIMER_FFEA |= 0x40;         //clr wdt.
 165   1      
 166   1      
 167   1          MCU_CTRL_FFED = 0x80;          //FlashDIV=1
 168   1      #if(_EMBEDDED_EDID == _ON)
                  MCU_ADC_DDC_ENA_FF1B = 0x02;
                  MCU_DVI_DDC_ENA_FF1E = 0x02;
                  MCU_HDMI_DDC_ENA_FF2C = 0x02;
              #else
 173   1          MCU_ADC_DDC_ENA_FF1B = 0xe2;
 174   1      #if(((_DDC_CHANNEL_FOR_D0 == _DDC2) && (_D0_INPUT_PORT_TYPE == _D0_DP_PORT)) || ((_DDC_CHANNEL_FOR_D1 == _
             -DDC2) && (_D1_INPUT_PORT_TYPE == _D1_DP_PORT)))
                  MCU_DVI_DDC_ENA_FF1E = 0x02;
                  MCU_HDMI_DDC_ENA_FF2C = 0xe2;
              #else
C51 COMPILER V8.02   MCU                                                                   03/05/2012 13:24:14 PAGE 4   

 178   1          MCU_DVI_DDC_ENA_FF1E = 0xe2;
 179   1          MCU_HDMI_DDC_ENA_FF2C = 0x02;
 180   1      #endif
 181   1      #endif
 182   1      
 183   1          MCU_BANK_SWITCH_CTRL_FFFC = 0x0F;   // enable global XFR (For Bank Switching System)
 184   1      
 185   1          // V015 System Patch Note (7) Modify 20100630 Start
 186   1          // Patch Reason : New EEPROM emulation process.
 187   1          /*
 188   1          MCU_BANK_START_FFFD = 0x02;                                 // Xdata_Bstart
 189   1          MCU_BANK_SEL_FFFE = (_FLASH_BANK - MCU_BANK_START_FFFD);    // Xdata_bank_sel, Bank0
 190   1          */
 191   1          MCU_BANK_START_FFFD = _XDATA_START_BANK; // Xdata_Bstart
 192   1          MCU_BANK_SEL_FFFE = (_FLASH_BANK - _XDATA_START_BANK); // Xdata_bank_sel, Bank3
 193   1          // V015 System Patch Note (7) Modify 20100630 End
 194   1      
 195   1      
 196   1          MCU_CLOCK_CTRL_FFEE |= 0x40;        // non-stop timer when spi flash access
 197   1      
 198   1      #if(_FAST_READ == _ON)
 199   1      
 200   1          //   M2PLL Enable
 201   1          MCU_SCA_INF_CTRL_FFF3 = 0x20; //BWR data enable, Non_INC
 202   1          MCU_SCA_INF_ADDR_FFF4 = 0x9f; //DDC_addr
 203   1          MCU_SCA_INF_DATA_FFF5 = 0x01; //DDC_data, page-1
 204   1          MCU_SCA_INF_ADDR_FFF4 = 0xE0; //M2-PLL Reg Ctrl Address
 205   1          MCU_SCA_INF_DATA_FFF5 = 0x10; //Enable M code =18
 206   1          MCU_SCA_INF_ADDR_FFF4 = 0xE4; //M2-PLL Reg Ctrl Address
 207   1          MCU_SCA_INF_DATA_FFF5 = 0x01; //Enable P code= 2
 208   1      
 209   1          //  Power-saving mode Enable ?
 210   1          MCU_SCA_INF_ADDR_FFF4 = 0x01; //DDC_addr - Host Ctrl
 211   1          MCU_SCA_INF_DATA_FFF5 = 0x00; //DDC_data - Disable power-saving mode
 212   1      
 213   1          //  M2PLL output enable
 214   1          MCU_SCA_INF_ADDR_FFF4 = 0xE5; //M2-PLL Reg Ctrl Address
 215   1          MCU_SCA_INF_DATA_FFF5 = 0x09; //Enable M2PLL
 216   1      
 217   1      
 218   1          //  Enable FastRead mode
 219   1          MCU_CEN_CTRL_FF76 = ( ((0x3) << 4) | ((0x1) << 2) | ((0x1) << 0) );  //ChipEnable Timing Setup
 220   1      
 221   1      #if (_TURBO_MODE == _ON)
                  MCU_FAST_READ_OP_CODE_FF6B = 0x3B;  //Fast Dual data read for winbond flash only
                  MCU_READ_INSTRUCTION_FF6C |= ( ((0x2) << 6) | ((0x1) << 5) | ((0x0) << 4) | ((0x0) << 2) | ((0x0) << 0
             -) ); //Fast Read mode, DI@half cycle, Dout@one cycle
              #else
 225   1          MCU_FAST_READ_OP_CODE_FF6B = 0x0B;  //Fast Read for all kind of flash
 226   1          MCU_READ_INSTRUCTION_FF6C |= ( ((0x1) << 6) | ((0x1) << 5) | ((0x0) << 4) | ((0x0) << 2) | ((0x0) << 0
             -) ); //Fast Read mode, DI@half cycle, Dout@one cycle
 227   1      #endif // End of #if (_TURBO_MODE==_ON)
 228   1      
 229   1      //  CMcuSelectFlashClk(_FLASH_CLK);
 230   1      
 231   1      #endif // End of #if(_FAST_READ == _ON)
 232   1      
 233   1      // GPIO Control By PCB Type
 234   1      #if((_PCB_TYPE == _RTD2472D_DEMO_PCB) || (_PCB_TYPE == _RTD2472RD_DEMO_PCB) || (_PCB_TYPE == _RTD2472D_QA_
             -PCB) || (_PCB_TYPE == _RTD2472RD_QA_PCB))
 235   1      
 236   1          MCU_PORTC_PIN_REG_FFE6 = 0xC0;
C51 COMPILER V8.02   MCU                                                                   03/05/2012 13:24:14 PAGE 5   

 237   1          MCU_PORT_READ_CTRL_FFC0 = 0xfd;     //read All GPIO value from bus,except p3
 238   1      
 239   1      //PWM 0
 240   1          MCU_PWM_CK_SEL_FF3A = 0x01;  // PWM0 PLL output
 241   1          MCU_PWM03_M_FF3B = 0x00;     // PWM0 first stage Divider [1:0]
 242   1          MCU_PWM01_N_MSB_FF3D = 0x05; // PWM0 second stage Divider MSB [11:8]
 243   1          MCU_PWM0_N_LSB_FF3E = 0x00;  // PWM0 second stage Divider LSB [7:0]
 244   1          MCU_PWM_VS_CTRL_FF47 = 0x01; // Enable PWM0 reset by DVS
 245   1          MCU_PWM_EN_FF48 = 0x81;      // PWM0 output Enable
 246   1          MCU_PWM_CK_FF49 = 0x01;      // PWM0 second stage output
 247   1      
 248   1      #else
                  No Setting !!
              
              #endif
 252   1      
 253   1      }
 254          
 255          //--------------------------------------------------
 256          // RTD Embeded MCU Setting
 257          //-------------------------------------------------
 258          /*
 259          #if(_FAST_READ == _ON)
 260          */
 261          void CMcuFlashClkDiv(BYTE clkdiv) // _FlashClkDiv(x=0-15): SPI Flash Clock Generator (OSC/PLL°£¥HDIV:from 
             -0~15)
 262          {
 263   1          clkdiv &= 0x0F;
 264   1          clkdiv = (clkdiv << 2);
 265   1          clkdiv |= (MCU_CTRL_FFED & 0xC3);
 266   1          MCU_CTRL_FFED = clkdiv;
 267   1      }
 268          
 269          void CMcuClkDiv(BYTE clkdiv)  // _MCUClkDiv(x=0-15): 8051 Clock Generator (Flash_Clk/DIV:from 0~15)
 270          {
 271   1          clkdiv &= 0x0F;
 272   1          clkdiv = (clkdiv << 2);
 273   1          clkdiv |= (MCU_CLOCK_CTRL_FFEE & 0xC3);
 274   1          MCU_CLOCK_CTRL_FFEE = clkdiv;
 275   1      }
 276          
 277          void CMcuSelectFlashClk(bit select)
 278          {
 279   1          if(select)//flash clk
 280   1          {
 281   2              CPowerM2PLLOn();
 282   2              CTimerDelayXms(10);
 283   2      
 284   2              CMcuFlashClkDiv(_FLASH_CLK_DIV);     // Flash CLK
 285   2              CMcuClkDiv(_MCU_CLK_DIV);            // MCUCLK = FLASH CLK / [( FLASH CLK > 48MHz ) ? _DIV_2 : _DI
             -V_1 )]
 286   2              MCU_CTRL_FFED |= 0x02;               // Switch to PLL
 287   2          }
 288   1          else  // Xtal clock
 289   1          {
 290   2              MCU_CTRL_FFED &= 0xc1;//eric0108,set SPI-flash clk from xtal
 291   2              CMcuFlashClkDiv(_DIV_1);
 292   2              CMcuClkDiv(_DIV_1);
 293   2          }
 294   1      }
 295          /*
 296          #endif //End of #if(_FAST_READ == _ON)
C51 COMPILER V8.02   MCU                                                                   03/05/2012 13:24:14 PAGE 6   

 297          */
 298          #endif  // End of #if(_MCU_TYPE == _REALTEK_EMBEDDED)
 299          
 300          
 301          //--------------------------------------------------
 302          // RTD2120 MCU Initial
 303          //--------------------------------------------------
 304          #if((_MCU_TYPE == _REALTEK_RTD2120) || (_MCU_TYPE == _REALTEK_RTD2122))
              void CMcuInitial(void)
              {
                  IE = 0x00;                         // Disable all interrupts
                  TMOD = 0x11;                         // Program Timer0 & Timer1 to Mode#1
                  TR0 = 0;                            // Stop Timer0
                  TF0 = 0;                            // Clear Timer0 Overflow Bit
                  TL0 = _TIMER0_COUNT_LBYTE;          // Load Timer0 low-byte   (for 1ms)
                  TH0 = _TIMER0_COUNT_HBYTE;          // Load Timer0 high-byte  (for 1ms)
                  TR1 = 0;                            // Stop Timer1
                  TF1 = 0;                            // Clear Timer1 Overflow Bit
                  IE = 0x8a;                         // Enable interrupts of Timer0
                  CKCON = 0x00;                         // Stretch Memory Cycle = 0     // For EDID issue
              
              
                  // We should modify the LVR voltage in RTD2120 series due to ISP fail issue.
                  MCU_LVRST_CTRL_FF0A = 0xc0;             // LVR voltage = 2.4V.
              
                  // To solve the data loss issue when using page erase in ISP mode.
                  MCU_FC_PAGE_ERASE1_FF91 = 0x7f;         // Page address for page erase.
              
              
              //----------------------------------------------------------------------------------------------------
              // RTD2472D QA Board & RTD2545LR QA Board
              //----------------------------------------------------------------------------------------------------
              #if((_PCB_TYPE == _RTD2472D_QA_PCB) || (_PCB_TYPE == _RTD2545LR_QA_PCB) || (_PCB_TYPE == _RTD2472RD_QA_PCB
             -))
              
              //--------IO Config -----------------------
              
                  MCU_PIN_SHARE0_FF00 = 0x40;
                  MCU_PIN_SHARE1_FF01 = 0x41;
              //    MCU_PIN_SHARE2_FF02         = 0x01;
                  MCU_PIN_SHARE2_FF02 = 0x10;
              
              #if(_HDCP_SUPPORT == _ON)
                  MCU_PORT5_OE_FF03 = 0x30;
              #else
                  MCU_PORT5_OE_FF03 = 0x20;
              #endif
              
                  MCU_PORT6_OE_FF04 = 0xf0;
                  MCU_PORT7_OE_FF05 = 0xc0;
                  MCU_PORT1_TYPE_FF09 = 0x00;
              
                  MCU_ADC_DDC_ENA_FF20 = 0x07;
                  MCU_DVI_DDC_ENA_FF23 = 0x07;
              
              #if(_MCU_TYPE == _REALTEK_RTD2122)
                  MCU_BANK_SWITCH_CTRL_FFFC = 0x02; // Using Pbank Switch
                  MCU_BANK_SEL_FFFE = 0x00;         // Xdata_bank_sel, Bank0
              #endif
              
              
              //--------End IO Config -------------------
C51 COMPILER V8.02   MCU                                                                   03/05/2012 13:24:14 PAGE 7   

              
              #endif  // End of #if((_PCB_TYPE == _RTD2472D_QA_PCB) || (_PCB_TYPE == _RTD2545LR_QA_PCB))
              
              #if(_PCB_TYPE == _RTD2545LR_QA_PCB)
              
              //--------IO Config -----------------------
              
                  MCU_PIN_SHARE0_FF00 = 0x00;
                  MCU_PIN_SHARE1_FF01 = 0x41;
              //    MCU_PIN_SHARE2_FF02         = 0x01;
                  MCU_PIN_SHARE2_FF02 = 0x10;
              
              #if(_HDCP_SUPPORT == _ON)
                  MCU_PORT5_OE_FF03 = 0xB0;
              #else
                  MCU_PORT5_OE_FF03 = 0xA0;
              #endif
              
                  MCU_PORT6_OE_FF04 = 0xf0;
                  MCU_PORT7_OE_FF05 = 0xc0;
                  MCU_PORT1_TYPE_FF09 = 0x00;
              
                  MCU_ADC_DDC_ENA_FF20 = 0x07;
                  MCU_DVI_DDC_ENA_FF23 = 0x07;
              
              #if(_MCU_TYPE == _REALTEK_RTD2122)
                  MCU_BANK_SWITCH_CTRL_FFFC = 0x02; // Using Pbank Switch
                  MCU_BANK_SEL_FFFE = 0x00;         // Xdata_bank_sel, Bank0
              #endif
              
              #endif
              //----------------------------------------------------------------------------------------------------
              // RTD2545LR Demo Board
              //----------------------------------------------------------------------------------------------------
              #if(_PCB_TYPE == _RTD2545LR_DEMO_PCB)
              
              //--------IO Config -----------------------
              
                  MCU_PIN_SHARE0_FF00 = 0x40;
                  MCU_PIN_SHARE1_FF01 = 0x41;
                  MCU_PIN_SHARE2_FF02 = 0x16;
                  MCU_PORT5_OE_FF03 = 0x3D;
                  MCU_PORT6_OE_FF04 = 0xd8;
                  MCU_PORT7_OE_FF05 = 0x40;
                  MCU_PORT1_TYPE_FF09 = 0x00;
              
                  MCU_ADC_DDC_ENA_FF20 = 0x07;
                  MCU_DVI_DDC_ENA_FF23 = 0x07;
              
              
              #if(_MCU_TYPE == _REALTEK_RTD2122)
                  MCU_BANK_SWITCH_CTRL_FFFC = 0x02; // Using Pbank Switch
                  MCU_BANK_SEL_FFFE = 0x00;         // Xdata_bank_sel, Bank0
              #endif
              //--------End IO Config -------------------
              
              #endif  // End of #if(_PCB_TYPE == _RTD2545LR_DEMO_PCB)
              
              }
              
              #endif  // End of #if((_MCU_TYPE == _REALTEK_RTD2120) || (_MCU_TYPE == _REALTEK_RTD2122))
 419          
C51 COMPILER V8.02   MCU                                                                   03/05/2012 13:24:14 PAGE 8   



MODULE INFORMATION:   STATIC OVERLAYABLE
   CODE SIZE        =    432    ----
   CONSTANT SIZE    =   ----    ----
   XDATA SIZE       =   ----    ----
   PDATA SIZE       =   ----    ----
   DATA SIZE        =   ----    ----
   IDATA SIZE       =   ----    ----
   BIT SIZE         =   ----       1
END OF MODULE INFORMATION.


C51 COMPILATION COMPLETE.  0 WARNING(S),  0 ERROR(S)
