C51 COMPILER V8.02   REALTEK_STRUCT                                                        03/05/2012 13:24:28 PAGE 1   


C51 COMPILER V8.02, COMPILATION OF MODULE REALTEK_STRUCT
OBJECT MODULE PLACED IN .\Output\Realtek_Struct.obj
COMPILER INVOKED BY: C:\Keil\C51\BIN\C51.EXE User\Realtek OSD\Code\Realtek_Struct.c OPTIMIZE(9,SPEED) DEFINE(_PROJECT=_R
                    -TD2472D_DEMO_BOARD) PRINT(.\Output\Realtek_Struct.lst) OBJECT(.\Output\Realtek_Struct.obj)

line level    source

   1          /********************************************************************************/
   2          /*   The  Software  is  proprietary,  confidential,  and  valuable to Realtek   */
   3          /*   Semiconductor  Corporation  ("Realtek").  All  rights, including but not   */
   4          /*   limited  to  copyrights,  patents,  trademarks, trade secrets, mask work   */
   5          /*   rights, and other similar rights and interests, are reserved to Realtek.   */
   6          /*   Without  prior  written  consent  from  Realtek,  copying, reproduction,   */
   7          /*   modification,  distribution,  or  otherwise  is strictly prohibited. The   */
   8          /*   Software  shall  be  kept  strictly  in  confidence,  and  shall  not be   */
   9          /*   disclosed to or otherwise accessed by any third party.                     */
  10          /*   c<2003> - <2010>                                                           */
  11          /*   The Software is provided "AS IS" without any warranty of any kind,         */
  12          /*   express, implied, statutory or otherwise.                                  */
  13          /********************************************************************************/
  14          
  15          //----------------------------------------------------------------------------------------------------
  16          // ID Code      : Struct.c No.0000
  17          // Update Note  :
  18          //
  19          //----------------------------------------------------------------------------------------------------
  20          
  21          #include "Common\Header\Include.h"
  22          
  23          #if(_OSD_TYPE == _REALTEK_OSD)
  24          
  25          
  26          //--------------------------------------------------
  27          // Global Variables
  28          //--------------------------------------------------
  29          StructModeUserDataType          xdata   stModeUserData;
  30          StructModeUserCenterDataType    xdata   stModeUserCenterData;
  31          StructSystemDataType            xdata   stSystemData;
  32          StructOsdUserDataType           xdata   stOsdUserData;
  33          StructOsdReserveDataType        xdata   stOsdReserveData;
  34          
  35          StructAdcDataType               xdata   stAdcData;
  36          StructColorProc0DataType        xdata   stConBriData;
  37          StructColorProc1DataType        xdata   stColorTempData;
  38          StructLSlumiDataType             xdata    stLSlumiData;//sjp20110625
  39          StructPWMlumiDataType         xdata     stPWMlumiData;//sjp20110715
  40          ModeInformationType             xdata   stModeInfo;
  41          DisplayTableType                xdata   stDisplayInfo;
  42          
  43          #endif  // End of #if(_OSD_TYPE == _REALTEK_OSD)
  44          


MODULE INFORMATION:   STATIC OVERLAYABLE
   CODE SIZE        =   ----    ----
   CONSTANT SIZE    =   ----    ----
   XDATA SIZE       =    130    ----
   PDATA SIZE       =   ----    ----
   DATA SIZE        =   ----    ----
   IDATA SIZE       =   ----    ----
   BIT SIZE         =   ----    ----
C51 COMPILER V8.02   REALTEK_STRUCT                                                        03/05/2012 13:24:28 PAGE 2   

END OF MODULE INFORMATION.


C51 COMPILATION COMPLETE.  0 WARNING(S),  0 ERROR(S)
